<?xml version="1.0" encoding="UTF-8"?>
<testng-results ignored="0" total="1" passed="1" failed="0" skipped="0">
  <reporter-output>
  </reporter-output>
  <suite started-at="2025-02-09T14:26:46 CET" name="Default suite" finished-at="2025-02-09T14:26:46 CET" duration-ms="44">
    <groups>
    </groups>
    <test started-at="2025-02-09T14:26:46 CET" name="Default test" finished-at="2025-02-09T14:26:46 CET" duration-ms="44">
      <class name="p09_09_2022.uvodUTestNg">
        <test-method signature="test1()[pri:0, instance:p09_09_2022.uvodUTestNg@242b836]" started-at="2025-02-09T14:26:46 CET" name="test1" finished-at="2025-02-09T14:26:46 CET" duration-ms="8" status="PASS">
          <reporter-output>
          </reporter-output>
        </test-method> <!-- test1 -->
      </class> <!-- p09_09_2022.uvodUTestNg -->
    </test> <!-- Default test -->
  </suite> <!-- Default suite -->
</testng-results>
