<?xml version="1.0" encoding="UTF-8"?>
<testng-results ignored="0" total="1" passed="1" failed="0" skipped="0">
  <reporter-output>
  </reporter-output>
  <suite started-at="2025-02-15T19:52:04 CET" name="Default suite" finished-at="2025-02-15T19:52:04 CET" duration-ms="42">
    <groups>
    </groups>
    <test started-at="2025-02-15T19:52:04 CET" name="Default test" finished-at="2025-02-15T19:52:04 CET" duration-ms="42">
      <class name="p09_09_2022.uvodUTestNg">
        <test-method signature="test1()[pri:0, instance:p09_09_2022.uvodUTestNg@272113c4]" started-at="2025-02-15T19:52:04 CET" name="test1" finished-at="2025-02-15T19:52:04 CET" duration-ms="10" status="PASS">
          <reporter-output>
          </reporter-output>
        </test-method> <!-- test1 -->
      </class> <!-- p09_09_2022.uvodUTestNg -->
    </test> <!-- Default test -->
  </suite> <!-- Default suite -->
</testng-results>
